<?xml version="1.0" encoding="UTF-8"?>
<testng-results ignored="0" total="2" passed="2" failed="0" skipped="0">
  <reporter-output>
  </reporter-output>
  <suite started-at="2024-02-15T15:07:59 IST" name="Default suite" finished-at="2024-02-15T15:08:29 IST" duration-ms="29163">
    <groups>
      <group name="cucumber">
        <method signature="AbstractTestNGCucumberTests.runScenario(io.cucumber.testng.PickleWrapper,io.cucumber.testng.FeatureWrapper)[pri:0, instance:cucumberOptions.TestNGTestRunner@268f106e]" name="runScenario" class="io.cucumber.testng.AbstractTestNGCucumberTests"/>
      </group> <!-- cucumber -->
    </groups>
    <test started-at="2024-02-15T15:07:59 IST" name="Default test" finished-at="2024-02-15T15:08:29 IST" duration-ms="29163">
      <class name="cucumberOptions.TestNGTestRunner">
        <test-method is-config="true" signature="setUpClass(org.testng.ITestContext)[pri:0, instance:cucumberOptions.TestNGTestRunner@268f106e]" started-at="2024-02-15T15:07:59 IST" name="setUpClass" finished-at="2024-02-15T15:08:00 IST" duration-ms="509" status="PASS">
          <params>
            <param index="0">
              <value>
                <![CDATA[org.testng.TestRunner@30331109]]>
              </value>
            </param>
          </params>
          <reporter-output>
          </reporter-output>
        </test-method> <!-- setUpClass -->
        <test-method signature="runScenario(io.cucumber.testng.PickleWrapper,io.cucumber.testng.FeatureWrapper)[pri:0, instance:cucumberOptions.TestNGTestRunner@268f106e]" started-at="2024-02-15T15:08:00 IST" name="runScenario" description="Runs Cucumber Scenarios" data-provider="scenarios" finished-at="2024-02-15T15:08:28 IST" duration-ms="28287" status="PASS">
          <params>
            <param index="0">
              <value>
                <![CDATA["Customer place an order by purchasing an item from search"]]>
              </value>
            </param>
            <param index="1">
              <value>
                <![CDATA["Automated End2End Tests"]]>
              </value>
            </param>
          </params>
          <reporter-output>
          </reporter-output>
        </test-method> <!-- runScenario -->
        <test-method signature="runScenario(io.cucumber.testng.PickleWrapper,io.cucumber.testng.FeatureWrapper)[pri:0, instance:cucumberOptions.TestNGTestRunner@268f106e]" started-at="2024-02-15T15:08:00 IST" name="runScenario" description="Runs Cucumber Scenarios" data-provider="scenarios" finished-at="2024-02-15T15:08:26 IST" duration-ms="26580" status="PASS">
          <params>
            <param index="0">
              <value>
                <![CDATA["Customer place an order by purchasing an item from search"]]>
              </value>
            </param>
            <param index="1">
              <value>
                <![CDATA["Automated End2End Tests"]]>
              </value>
            </param>
          </params>
          <reporter-output>
          </reporter-output>
        </test-method> <!-- runScenario -->
        <test-method is-config="true" signature="tearDownClass()[pri:0, instance:cucumberOptions.TestNGTestRunner@268f106e]" started-at="2024-02-15T15:08:28 IST" name="tearDownClass" finished-at="2024-02-15T15:08:29 IST" duration-ms="321" status="PASS">
          <reporter-output>
          </reporter-output>
        </test-method> <!-- tearDownClass -->
      </class> <!-- cucumberOptions.TestNGTestRunner -->
    </test> <!-- Default test -->
  </suite> <!-- Default suite -->
</testng-results>
